-2 0.536518 ?0
-1.95556 ?0 -0.591595
-1.91111 ?0 -0.511356
-1.86667 ?0 -0.0372285
-1.82222 ?0 0.430376
-1.77778 ?0 0.729925
-1.73333 0.827791 ?0
-1.68889 ?0 0.751046
-1.64444 ?0 0.549158
-1.6 ?0 0.274008
-1.55556 ?0 -0.0290936
-1.51111 ?0 -0.324268
-1.46667 -0.584939 ?0
-1.42222 ?0 -0.79255
-1.37778 ?0 -0.935146
-1.33333 ?0 -1.00623
-1.28889 ?0 -1.00402
-1.24444 ?0 -0.931018
-1.2 -0.79368 ?0
-1.15556 ?0 -0.602145
-1.11111 ?0 -0.369771
-1.06667 ?0 -0.112474
-1.02222 ?0 0.152153
-0.977778 ?0 0.405925
-0.933333 0.631261 ?0
-0.888889 ?0 0.812409
-0.844444 ?0 0.936579
-0.8 ?0 0.994903
-0.755556 ?0 0.98311
-0.711111 ?0 0.901885
-0.666667 0.756848 ?0
-0.622222 ?0 0.558182
-0.577778 ?0 0.319909
-0.533333 ?0 0.0588926
-0.488889 ?0 -0.20637
-0.444444 ?0 -0.457075
-0.4 -0.67545 ?0
-0.355555 ?0 -0.846029
-0.311111 ?0 -0.956743
-0.266667 ?0 -0.999772
-0.222222 ?0 -0.972095
-0.177778 ?0 -0.875692
-0.133333 -0.717397 ?0
-0.0888888 ?0 -0.508412
-0.0444443 ?0 -0.263512
1.19209e-07 ?0 7.12203e-07
0.0444446 ?0 0.263514
0.088889 ?0 0.508414
0.133333 0.717398 ?0
0.177778 ?0 0.875692
0.222222 ?0 0.972096
0.266667 ?0 0.999772
0.311111 ?0 0.956743
0.355556 ?0 0.846029
0.4 0.675449 ?0
0.444445 ?0 0.457073
0.488889 ?0 0.206369
0.533333 ?0 -0.0588937
0.577778 ?0 -0.31991
0.622222 ?0 -0.558183
0.666667 -0.756849 ?0
0.711111 ?0 -0.901885
0.755556 ?0 -0.98311
0.8 ?0 -0.994902
0.844445 ?0 -0.936579
0.888889 ?0 -0.812408
0.933333 -0.63126 ?0
0.977778 ?0 -0.405924
1.02222 ?0 -0.152151
1.06667 ?0 0.112476
1.11111 ?0 0.369773
1.15556 ?0 0.602147
1.2 0.793681 ?0
1.24444 ?0 0.931019
1.28889 ?0 1.00402
1.33333 ?0 1.00623
1.37778 ?0 0.935145
1.42222 ?0 0.79255
1.46667 0.584938 ?0
1.51111 ?0 0.324268
1.55556 ?0 0.0290934
1.6 ?0 -0.274008
1.64444 ?0 -0.549158
1.68889 ?0 -0.751046
1.73333 -0.827792 ?0
1.77778 ?0 -0.729928
1.82222 ?0 -0.430383
1.86667 ?0 0.037218
1.91111 ?0 0.511342
1.95556 ?0 0.591582
2 -0.536518 ?0
