-2 0.536518
-1.96 0.721755
-1.92 0.865601
-1.88 0.959881
-1.84 0.999039
-1.8 0.980948
-1.76 0.906568
-1.72 0.780321
-1.68 0.609323
-1.64 0.403456
-1.6 0.174355
-1.56 -0.0647209
-1.52 -0.300146
-1.48 -0.518257
-1.44 -0.70668
-1.4 -0.854532
-1.36 -0.953512
-1.32 -0.997809
-1.28 -0.984972
-1.24 -0.915556
-1.2 -0.79368
-1.16 -0.626243
-1.12 -0.423026
-1.08 -0.195535
-1.04 0.0431014
-1 0.279387
-0.96 0.49963
-0.92 0.691297
-0.88 0.843216
-0.84 0.946824
-0.8 0.996096
-0.76 0.988385
-0.72 0.923989
-0.68 0.806682
-0.64 0.643022
-0.6 0.442528
-0.56 0.216618
-0.52 -0.0216102
-0.48 -0.258625
-0.44 -0.480775
-0.4 -0.675449
-0.36 -0.83138
-0.32 -0.939677
-0.28 -0.994051
-0.24 -0.991386
-0.2 -0.932025
-0.16 -0.81919
-0.12 -0.659404
-0.08 -0.461781
-0.0400001 -0.237696
0 0
0.04 0.237696
0.0799999 0.46178
0.12 0.659404
0.16 0.819189
0.2 0.932025
0.24 0.991386
0.28 0.994051
0.32 0.939678
0.36 0.83138
0.4 0.67545
0.44 0.480775
0.48 0.258625
0.52 0.0216102
0.56 -0.216617
0.6 -0.442528
0.64 -0.643021
0.68 -0.806682
0.72 -0.923989
0.76 -0.988385
0.8 -0.996096
0.84 -0.946824
0.88 -0.843216
0.92 -0.691298
0.96 -0.49963
1 -0.279387
1.04 -0.0431014
1.08 0.195534
1.12 0.423026
1.16 0.626242
1.2 0.793679
1.24 0.915556
1.28 0.984972
1.32 0.997809
1.36 0.953512
1.4 0.854532
1.44 0.706681
1.48 0.518257
1.52 0.300146
1.56 0.0647209
1.6 -0.174354
1.64 -0.403455
1.68 -0.609323
1.72 -0.780321
1.76 -0.906568
1.8 -0.980948
1.84 -0.999039
1.88 -0.959881
1.92 -0.865601
1.96 -0.721756
2 -0.536518
